The system is: Linux - 4.15.0-29-generic - x86_64
Compiling the CXX compiler identification source file "CMakeCXXCompilerId.cpp" succeeded.
Compiler: /home/harper/psi4conda/bin/g++ 
Build flags: ;-march=native;-fopenmp
Id flags:  

The output was:
0


Compilation of the CXX compiler identification source "CMakeCXXCompilerId.cpp" produced "a.out"

The CXX compiler identification is GNU, found in "/home/harper/PIWS/scf_template/CMakeFiles/3.10.2/CompilerIdCXX/a.out"

Determining if the CXX compiler works passed with the following output:
Change Dir: /home/harper/PIWS/scf_template/CMakeFiles/CMakeTmp

Run Build Command:"/usr/bin/make" "cmTC_0a268/fast"
/usr/bin/make -f CMakeFiles/cmTC_0a268.dir/build.make CMakeFiles/cmTC_0a268.dir/build
make[1]: Entering directory '/home/harper/PIWS/scf_template/CMakeFiles/CMakeTmp'
Building CXX object CMakeFiles/cmTC_0a268.dir/testCXXCompiler.cxx.o
/home/harper/psi4conda/bin/g++    -march=native -fopenmp    -o CMakeFiles/cmTC_0a268.dir/testCXXCompiler.cxx.o -c /home/harper/PIWS/scf_template/CMakeFiles/CMakeTmp/testCXXCompiler.cxx
Linking CXX executable cmTC_0a268
/usr/bin/cmake -E cmake_link_script CMakeFiles/cmTC_0a268.dir/link.txt --verbose=1
/home/harper/psi4conda/bin/g++   -march=native -fopenmp     -rdynamic CMakeFiles/cmTC_0a268.dir/testCXXCompiler.cxx.o  -o cmTC_0a268 
make[1]: Leaving directory '/home/harper/PIWS/scf_template/CMakeFiles/CMakeTmp'


Detecting CXX compiler ABI info compiled with the following output:
Change Dir: /home/harper/PIWS/scf_template/CMakeFiles/CMakeTmp

Run Build Command:"/usr/bin/make" "cmTC_85238/fast"
/usr/bin/make -f CMakeFiles/cmTC_85238.dir/build.make CMakeFiles/cmTC_85238.dir/build
make[1]: Entering directory '/home/harper/PIWS/scf_template/CMakeFiles/CMakeTmp'
Building CXX object CMakeFiles/cmTC_85238.dir/CMakeCXXCompilerABI.cpp.o
/home/harper/psi4conda/bin/g++    -march=native -fopenmp    -o CMakeFiles/cmTC_85238.dir/CMakeCXXCompilerABI.cpp.o -c /usr/share/cmake-3.10/Modules/CMakeCXXCompilerABI.cpp
Linking CXX executable cmTC_85238
/usr/bin/cmake -E cmake_link_script CMakeFiles/cmTC_85238.dir/link.txt --verbose=1
/home/harper/psi4conda/bin/g++   -march=native -fopenmp    -v -rdynamic CMakeFiles/cmTC_85238.dir/CMakeCXXCompilerABI.cpp.o  -o cmTC_85238 
Reading specs from /home/harper/psi4conda/lib/gcc/x86_64-unknown-linux-gnu/5.2.0/specs
COLLECT_GCC=/home/harper/psi4conda/bin/g++
COLLECT_LTO_WRAPPER=/home/harper/psi4conda/gcc/libexec/gcc/x86_64-unknown-linux-gnu/5.2.0/lto-wrapper
Target: x86_64-unknown-linux-gnu
Configured with: ./configure --prefix=/home/harper/psi4conda/gcc --with-gxx-include-dir=/home/harper/psi4conda/gcc/include/c++ --bindir=/home/harper/psi4conda/bin --datarootdir=/home/harper/psi4conda/share --libdir=/home/harper/psi4conda/lib --with-gmp=/home/harper/psi4conda --with-mpfr=/home/harper/psi4conda --with-mpc=/home/harper/psi4conda --with-isl=/home/harper/psi4conda --with-cloog=/home/harper/psi4conda --enable-checking=release --with-tune=generic --disable-multilib
Thread model: posix
gcc version 5.2.0 (GCC) 
COMPILER_PATH=/home/harper/psi4conda/gcc/libexec/gcc/x86_64-unknown-linux-gnu/5.2.0/:/home/harper/psi4conda/gcc/libexec/gcc/x86_64-unknown-linux-gnu/5.2.0/:/home/harper/psi4conda/gcc/libexec/gcc/x86_64-unknown-linux-gnu/:/home/harper/psi4conda/lib/gcc/x86_64-unknown-linux-gnu/5.2.0/:/home/harper/psi4conda/lib/gcc/x86_64-unknown-linux-gnu/
LIBRARY_PATH=/home/harper/psi4conda/lib/gcc/x86_64-unknown-linux-gnu/5.2.0/:/lib/../lib64/:/home/harper/psi4conda/lib/gcc/x86_64-unknown-linux-gnu/5.2.0/../../../:/lib/:/usr/lib/
Reading specs from /home/harper/psi4conda/lib/gcc/x86_64-unknown-linux-gnu/5.2.0/../../../libgomp.spec
COLLECT_GCC_OPTIONS='-march=native' '-fopenmp' '-v' '-rdynamic' '-o' 'cmTC_85238' '-shared-libgcc' '-pthread'
 /home/harper/psi4conda/gcc/libexec/gcc/x86_64-unknown-linux-gnu/5.2.0/collect2 --eh-frame-hdr -m elf_x86_64 -export-dynamic -dynamic-linker /lib64/ld-linux-x86-64.so.2 -o cmTC_85238 /home/harper/psi4conda/lib/gcc/x86_64-unknown-linux-gnu/5.2.0/crt1.o /home/harper/psi4conda/lib/gcc/x86_64-unknown-linux-gnu/5.2.0/crti.o /home/harper/psi4conda/lib/gcc/x86_64-unknown-linux-gnu/5.2.0/crtbegin.o -L/home/harper/psi4conda/lib/gcc/x86_64-unknown-linux-gnu/5.2.0 -L/lib/../lib64 -L/home/harper/psi4conda/lib/gcc/x86_64-unknown-linux-gnu/5.2.0/../../.. CMakeFiles/cmTC_85238.dir/CMakeCXXCompilerABI.cpp.o -lstdc++ -lm -lgomp -lgcc_s -lgcc -lpthread -lc -lgcc_s -lgcc /home/harper/psi4conda/lib/gcc/x86_64-unknown-linux-gnu/5.2.0/crtend.o /home/harper/psi4conda/lib/gcc/x86_64-unknown-linux-gnu/5.2.0/crtn.o
make[1]: Leaving directory '/home/harper/PIWS/scf_template/CMakeFiles/CMakeTmp'


Parsed CXX implicit link information from above output:
  link line regex: [^( *|.*[/\])(ld|CMAKE_LINK_STARTFILE-NOTFOUND|([^/\]+-)?ld|collect2)[^/\]*( |$)]
  ignore line: [Change Dir: /home/harper/PIWS/scf_template/CMakeFiles/CMakeTmp]
  ignore line: []
  ignore line: [Run Build Command:"/usr/bin/make" "cmTC_85238/fast"]
  ignore line: [/usr/bin/make -f CMakeFiles/cmTC_85238.dir/build.make CMakeFiles/cmTC_85238.dir/build]
  ignore line: [make[1]: Entering directory '/home/harper/PIWS/scf_template/CMakeFiles/CMakeTmp']
  ignore line: [Building CXX object CMakeFiles/cmTC_85238.dir/CMakeCXXCompilerABI.cpp.o]
  ignore line: [/home/harper/psi4conda/bin/g++    -march=native -fopenmp    -o CMakeFiles/cmTC_85238.dir/CMakeCXXCompilerABI.cpp.o -c /usr/share/cmake-3.10/Modules/CMakeCXXCompilerABI.cpp]
  ignore line: [Linking CXX executable cmTC_85238]
  ignore line: [/usr/bin/cmake -E cmake_link_script CMakeFiles/cmTC_85238.dir/link.txt --verbose=1]
  ignore line: [/home/harper/psi4conda/bin/g++   -march=native -fopenmp    -v -rdynamic CMakeFiles/cmTC_85238.dir/CMakeCXXCompilerABI.cpp.o  -o cmTC_85238 ]
  ignore line: [Reading specs from /home/harper/psi4conda/lib/gcc/x86_64-unknown-linux-gnu/5.2.0/specs]
  ignore line: [COLLECT_GCC=/home/harper/psi4conda/bin/g++]
  ignore line: [COLLECT_LTO_WRAPPER=/home/harper/psi4conda/gcc/libexec/gcc/x86_64-unknown-linux-gnu/5.2.0/lto-wrapper]
  ignore line: [Target: x86_64-unknown-linux-gnu]
  ignore line: [Configured with: ./configure --prefix=/home/harper/psi4conda/gcc --with-gxx-include-dir=/home/harper/psi4conda/gcc/include/c++ --bindir=/home/harper/psi4conda/bin --datarootdir=/home/harper/psi4conda/share --libdir=/home/harper/psi4conda/lib --with-gmp=/home/harper/psi4conda --with-mpfr=/home/harper/psi4conda --with-mpc=/home/harper/psi4conda --with-isl=/home/harper/psi4conda --with-cloog=/home/harper/psi4conda --enable-checking=release --with-tune=generic --disable-multilib]
  ignore line: [Thread model: posix]
  ignore line: [gcc version 5.2.0 (GCC) ]
  ignore line: [COMPILER_PATH=/home/harper/psi4conda/gcc/libexec/gcc/x86_64-unknown-linux-gnu/5.2.0/:/home/harper/psi4conda/gcc/libexec/gcc/x86_64-unknown-linux-gnu/5.2.0/:/home/harper/psi4conda/gcc/libexec/gcc/x86_64-unknown-linux-gnu/:/home/harper/psi4conda/lib/gcc/x86_64-unknown-linux-gnu/5.2.0/:/home/harper/psi4conda/lib/gcc/x86_64-unknown-linux-gnu/]
  ignore line: [LIBRARY_PATH=/home/harper/psi4conda/lib/gcc/x86_64-unknown-linux-gnu/5.2.0/:/lib/../lib64/:/home/harper/psi4conda/lib/gcc/x86_64-unknown-linux-gnu/5.2.0/../../../:/lib/:/usr/lib/]
  ignore line: [Reading specs from /home/harper/psi4conda/lib/gcc/x86_64-unknown-linux-gnu/5.2.0/../../../libgomp.spec]
  ignore line: [COLLECT_GCC_OPTIONS='-march=native' '-fopenmp' '-v' '-rdynamic' '-o' 'cmTC_85238' '-shared-libgcc' '-pthread']
  link line: [ /home/harper/psi4conda/gcc/libexec/gcc/x86_64-unknown-linux-gnu/5.2.0/collect2 --eh-frame-hdr -m elf_x86_64 -export-dynamic -dynamic-linker /lib64/ld-linux-x86-64.so.2 -o cmTC_85238 /home/harper/psi4conda/lib/gcc/x86_64-unknown-linux-gnu/5.2.0/crt1.o /home/harper/psi4conda/lib/gcc/x86_64-unknown-linux-gnu/5.2.0/crti.o /home/harper/psi4conda/lib/gcc/x86_64-unknown-linux-gnu/5.2.0/crtbegin.o -L/home/harper/psi4conda/lib/gcc/x86_64-unknown-linux-gnu/5.2.0 -L/lib/../lib64 -L/home/harper/psi4conda/lib/gcc/x86_64-unknown-linux-gnu/5.2.0/../../.. CMakeFiles/cmTC_85238.dir/CMakeCXXCompilerABI.cpp.o -lstdc++ -lm -lgomp -lgcc_s -lgcc -lpthread -lc -lgcc_s -lgcc /home/harper/psi4conda/lib/gcc/x86_64-unknown-linux-gnu/5.2.0/crtend.o /home/harper/psi4conda/lib/gcc/x86_64-unknown-linux-gnu/5.2.0/crtn.o]
    arg [/home/harper/psi4conda/gcc/libexec/gcc/x86_64-unknown-linux-gnu/5.2.0/collect2] ==> ignore
    arg [--eh-frame-hdr] ==> ignore
    arg [-m] ==> ignore
    arg [elf_x86_64] ==> ignore
    arg [-export-dynamic] ==> ignore
    arg [-dynamic-linker] ==> ignore
    arg [/lib64/ld-linux-x86-64.so.2] ==> ignore
    arg [-o] ==> ignore
    arg [cmTC_85238] ==> ignore
    arg [/home/harper/psi4conda/lib/gcc/x86_64-unknown-linux-gnu/5.2.0/crt1.o] ==> ignore
    arg [/home/harper/psi4conda/lib/gcc/x86_64-unknown-linux-gnu/5.2.0/crti.o] ==> ignore
    arg [/home/harper/psi4conda/lib/gcc/x86_64-unknown-linux-gnu/5.2.0/crtbegin.o] ==> ignore
    arg [-L/home/harper/psi4conda/lib/gcc/x86_64-unknown-linux-gnu/5.2.0] ==> dir [/home/harper/psi4conda/lib/gcc/x86_64-unknown-linux-gnu/5.2.0]
    arg [-L/lib/../lib64] ==> dir [/lib/../lib64]
    arg [-L/home/harper/psi4conda/lib/gcc/x86_64-unknown-linux-gnu/5.2.0/../../..] ==> dir [/home/harper/psi4conda/lib/gcc/x86_64-unknown-linux-gnu/5.2.0/../../..]
    arg [CMakeFiles/cmTC_85238.dir/CMakeCXXCompilerABI.cpp.o] ==> ignore
    arg [-lstdc++] ==> lib [stdc++]
    arg [-lm] ==> lib [m]
    arg [-lgomp] ==> lib [gomp]
    arg [-lgcc_s] ==> lib [gcc_s]
    arg [-lgcc] ==> lib [gcc]
    arg [-lpthread] ==> lib [pthread]
    arg [-lc] ==> lib [c]
    arg [-lgcc_s] ==> lib [gcc_s]
    arg [-lgcc] ==> lib [gcc]
    arg [/home/harper/psi4conda/lib/gcc/x86_64-unknown-linux-gnu/5.2.0/crtend.o] ==> ignore
    arg [/home/harper/psi4conda/lib/gcc/x86_64-unknown-linux-gnu/5.2.0/crtn.o] ==> ignore
  collapse library dir [/home/harper/psi4conda/lib/gcc/x86_64-unknown-linux-gnu/5.2.0] ==> [/home/harper/psi4conda/lib/gcc/x86_64-unknown-linux-gnu/5.2.0]
  collapse library dir [/lib/../lib64] ==> [/lib64]
  collapse library dir [/home/harper/psi4conda/lib/gcc/x86_64-unknown-linux-gnu/5.2.0/../../..] ==> [/home/harper/psi4conda/lib]
  implicit libs: [stdc++;m;gomp;gcc_s;gcc;pthread;c;gcc_s;gcc]
  implicit dirs: [/home/harper/psi4conda/lib/gcc/x86_64-unknown-linux-gnu/5.2.0;/lib64;/home/harper/psi4conda/lib]
  implicit fwks: []




Detecting CXX [-std=c++1z] compiler features compiled with the following output:
Change Dir: /home/harper/PIWS/scf_template/CMakeFiles/CMakeTmp

Run Build Command:"/usr/bin/make" "cmTC_77f3a/fast"
/usr/bin/make -f CMakeFiles/cmTC_77f3a.dir/build.make CMakeFiles/cmTC_77f3a.dir/build
make[1]: Entering directory '/home/harper/PIWS/scf_template/CMakeFiles/CMakeTmp'
Building CXX object CMakeFiles/cmTC_77f3a.dir/feature_tests.cxx.o
/home/harper/psi4conda/bin/g++    -march=native -fopenmp    -std=c++1z -o CMakeFiles/cmTC_77f3a.dir/feature_tests.cxx.o -c /home/harper/PIWS/scf_template/CMakeFiles/feature_tests.cxx
Linking CXX executable cmTC_77f3a
/usr/bin/cmake -E cmake_link_script CMakeFiles/cmTC_77f3a.dir/link.txt --verbose=1
/home/harper/psi4conda/bin/g++   -march=native -fopenmp     -rdynamic CMakeFiles/cmTC_77f3a.dir/feature_tests.cxx.o  -o cmTC_77f3a 
make[1]: Leaving directory '/home/harper/PIWS/scf_template/CMakeFiles/CMakeTmp'


    Feature record: CXX_FEATURE:1cxx_aggregate_default_initializers
    Feature record: CXX_FEATURE:1cxx_alias_templates
    Feature record: CXX_FEATURE:1cxx_alignas
    Feature record: CXX_FEATURE:1cxx_alignof
    Feature record: CXX_FEATURE:1cxx_attributes
    Feature record: CXX_FEATURE:1cxx_attribute_deprecated
    Feature record: CXX_FEATURE:1cxx_auto_type
    Feature record: CXX_FEATURE:1cxx_binary_literals
    Feature record: CXX_FEATURE:1cxx_constexpr
    Feature record: CXX_FEATURE:1cxx_contextual_conversions
    Feature record: CXX_FEATURE:1cxx_decltype
    Feature record: CXX_FEATURE:1cxx_decltype_auto
    Feature record: CXX_FEATURE:1cxx_decltype_incomplete_return_types
    Feature record: CXX_FEATURE:1cxx_default_function_template_args
    Feature record: CXX_FEATURE:1cxx_defaulted_functions
    Feature record: CXX_FEATURE:1cxx_defaulted_move_initializers
    Feature record: CXX_FEATURE:1cxx_delegating_constructors
    Feature record: CXX_FEATURE:1cxx_deleted_functions
    Feature record: CXX_FEATURE:1cxx_digit_separators
    Feature record: CXX_FEATURE:1cxx_enum_forward_declarations
    Feature record: CXX_FEATURE:1cxx_explicit_conversions
    Feature record: CXX_FEATURE:1cxx_extended_friend_declarations
    Feature record: CXX_FEATURE:1cxx_extern_templates
    Feature record: CXX_FEATURE:1cxx_final
    Feature record: CXX_FEATURE:1cxx_func_identifier
    Feature record: CXX_FEATURE:1cxx_generalized_initializers
    Feature record: CXX_FEATURE:1cxx_generic_lambdas
    Feature record: CXX_FEATURE:1cxx_inheriting_constructors
    Feature record: CXX_FEATURE:1cxx_inline_namespaces
    Feature record: CXX_FEATURE:1cxx_lambdas
    Feature record: CXX_FEATURE:1cxx_lambda_init_captures
    Feature record: CXX_FEATURE:1cxx_local_type_template_args
    Feature record: CXX_FEATURE:1cxx_long_long_type
    Feature record: CXX_FEATURE:1cxx_noexcept
    Feature record: CXX_FEATURE:1cxx_nonstatic_member_init
    Feature record: CXX_FEATURE:1cxx_nullptr
    Feature record: CXX_FEATURE:1cxx_override
    Feature record: CXX_FEATURE:1cxx_range_for
    Feature record: CXX_FEATURE:1cxx_raw_string_literals
    Feature record: CXX_FEATURE:1cxx_reference_qualified_functions
    Feature record: CXX_FEATURE:1cxx_relaxed_constexpr
    Feature record: CXX_FEATURE:1cxx_return_type_deduction
    Feature record: CXX_FEATURE:1cxx_right_angle_brackets
    Feature record: CXX_FEATURE:1cxx_rvalue_references
    Feature record: CXX_FEATURE:1cxx_sizeof_member
    Feature record: CXX_FEATURE:1cxx_static_assert
    Feature record: CXX_FEATURE:1cxx_strong_enums
    Feature record: CXX_FEATURE:1cxx_template_template_parameters
    Feature record: CXX_FEATURE:1cxx_thread_local
    Feature record: CXX_FEATURE:1cxx_trailing_return_types
    Feature record: CXX_FEATURE:1cxx_unicode_literals
    Feature record: CXX_FEATURE:1cxx_uniform_initialization
    Feature record: CXX_FEATURE:1cxx_unrestricted_unions
    Feature record: CXX_FEATURE:1cxx_user_literals
    Feature record: CXX_FEATURE:1cxx_variable_templates
    Feature record: CXX_FEATURE:1cxx_variadic_macros
    Feature record: CXX_FEATURE:1cxx_variadic_templates


Detecting CXX [-std=c++14] compiler features compiled with the following output:
Change Dir: /home/harper/PIWS/scf_template/CMakeFiles/CMakeTmp

Run Build Command:"/usr/bin/make" "cmTC_a9679/fast"
/usr/bin/make -f CMakeFiles/cmTC_a9679.dir/build.make CMakeFiles/cmTC_a9679.dir/build
make[1]: Entering directory '/home/harper/PIWS/scf_template/CMakeFiles/CMakeTmp'
Building CXX object CMakeFiles/cmTC_a9679.dir/feature_tests.cxx.o
/home/harper/psi4conda/bin/g++    -march=native -fopenmp    -std=c++14 -o CMakeFiles/cmTC_a9679.dir/feature_tests.cxx.o -c /home/harper/PIWS/scf_template/CMakeFiles/feature_tests.cxx
Linking CXX executable cmTC_a9679
/usr/bin/cmake -E cmake_link_script CMakeFiles/cmTC_a9679.dir/link.txt --verbose=1
/home/harper/psi4conda/bin/g++   -march=native -fopenmp     -rdynamic CMakeFiles/cmTC_a9679.dir/feature_tests.cxx.o  -o cmTC_a9679 
make[1]: Leaving directory '/home/harper/PIWS/scf_template/CMakeFiles/CMakeTmp'


    Feature record: CXX_FEATURE:1cxx_aggregate_default_initializers
    Feature record: CXX_FEATURE:1cxx_alias_templates
    Feature record: CXX_FEATURE:1cxx_alignas
    Feature record: CXX_FEATURE:1cxx_alignof
    Feature record: CXX_FEATURE:1cxx_attributes
    Feature record: CXX_FEATURE:1cxx_attribute_deprecated
    Feature record: CXX_FEATURE:1cxx_auto_type
    Feature record: CXX_FEATURE:1cxx_binary_literals
    Feature record: CXX_FEATURE:1cxx_constexpr
    Feature record: CXX_FEATURE:1cxx_contextual_conversions
    Feature record: CXX_FEATURE:1cxx_decltype
    Feature record: CXX_FEATURE:1cxx_decltype_auto
    Feature record: CXX_FEATURE:1cxx_decltype_incomplete_return_types
    Feature record: CXX_FEATURE:1cxx_default_function_template_args
    Feature record: CXX_FEATURE:1cxx_defaulted_functions
    Feature record: CXX_FEATURE:1cxx_defaulted_move_initializers
    Feature record: CXX_FEATURE:1cxx_delegating_constructors
    Feature record: CXX_FEATURE:1cxx_deleted_functions
    Feature record: CXX_FEATURE:1cxx_digit_separators
    Feature record: CXX_FEATURE:1cxx_enum_forward_declarations
    Feature record: CXX_FEATURE:1cxx_explicit_conversions
    Feature record: CXX_FEATURE:1cxx_extended_friend_declarations
    Feature record: CXX_FEATURE:1cxx_extern_templates
    Feature record: CXX_FEATURE:1cxx_final
    Feature record: CXX_FEATURE:1cxx_func_identifier
    Feature record: CXX_FEATURE:1cxx_generalized_initializers
    Feature record: CXX_FEATURE:1cxx_generic_lambdas
    Feature record: CXX_FEATURE:1cxx_inheriting_constructors
    Feature record: CXX_FEATURE:1cxx_inline_namespaces
    Feature record: CXX_FEATURE:1cxx_lambdas
    Feature record: CXX_FEATURE:1cxx_lambda_init_captures
    Feature record: CXX_FEATURE:1cxx_local_type_template_args
    Feature record: CXX_FEATURE:1cxx_long_long_type
    Feature record: CXX_FEATURE:1cxx_noexcept
    Feature record: CXX_FEATURE:1cxx_nonstatic_member_init
    Feature record: CXX_FEATURE:1cxx_nullptr
    Feature record: CXX_FEATURE:1cxx_override
    Feature record: CXX_FEATURE:1cxx_range_for
    Feature record: CXX_FEATURE:1cxx_raw_string_literals
    Feature record: CXX_FEATURE:1cxx_reference_qualified_functions
    Feature record: CXX_FEATURE:1cxx_relaxed_constexpr
    Feature record: CXX_FEATURE:1cxx_return_type_deduction
    Feature record: CXX_FEATURE:1cxx_right_angle_brackets
    Feature record: CXX_FEATURE:1cxx_rvalue_references
    Feature record: CXX_FEATURE:1cxx_sizeof_member
    Feature record: CXX_FEATURE:1cxx_static_assert
    Feature record: CXX_FEATURE:1cxx_strong_enums
    Feature record: CXX_FEATURE:1cxx_template_template_parameters
    Feature record: CXX_FEATURE:1cxx_thread_local
    Feature record: CXX_FEATURE:1cxx_trailing_return_types
    Feature record: CXX_FEATURE:1cxx_unicode_literals
    Feature record: CXX_FEATURE:1cxx_uniform_initialization
    Feature record: CXX_FEATURE:1cxx_unrestricted_unions
    Feature record: CXX_FEATURE:1cxx_user_literals
    Feature record: CXX_FEATURE:1cxx_variable_templates
    Feature record: CXX_FEATURE:1cxx_variadic_macros
    Feature record: CXX_FEATURE:1cxx_variadic_templates


Detecting CXX [-std=c++11] compiler features compiled with the following output:
Change Dir: /home/harper/PIWS/scf_template/CMakeFiles/CMakeTmp

Run Build Command:"/usr/bin/make" "cmTC_a3aaa/fast"
/usr/bin/make -f CMakeFiles/cmTC_a3aaa.dir/build.make CMakeFiles/cmTC_a3aaa.dir/build
make[1]: Entering directory '/home/harper/PIWS/scf_template/CMakeFiles/CMakeTmp'
Building CXX object CMakeFiles/cmTC_a3aaa.dir/feature_tests.cxx.o
/home/harper/psi4conda/bin/g++    -march=native -fopenmp    -std=c++11 -o CMakeFiles/cmTC_a3aaa.dir/feature_tests.cxx.o -c /home/harper/PIWS/scf_template/CMakeFiles/feature_tests.cxx
Linking CXX executable cmTC_a3aaa
/usr/bin/cmake -E cmake_link_script CMakeFiles/cmTC_a3aaa.dir/link.txt --verbose=1
/home/harper/psi4conda/bin/g++   -march=native -fopenmp     -rdynamic CMakeFiles/cmTC_a3aaa.dir/feature_tests.cxx.o  -o cmTC_a3aaa 
make[1]: Leaving directory '/home/harper/PIWS/scf_template/CMakeFiles/CMakeTmp'


    Feature record: CXX_FEATURE:0cxx_aggregate_default_initializers
    Feature record: CXX_FEATURE:1cxx_alias_templates
    Feature record: CXX_FEATURE:1cxx_alignas
    Feature record: CXX_FEATURE:1cxx_alignof
    Feature record: CXX_FEATURE:1cxx_attributes
    Feature record: CXX_FEATURE:0cxx_attribute_deprecated
    Feature record: CXX_FEATURE:1cxx_auto_type
    Feature record: CXX_FEATURE:0cxx_binary_literals
    Feature record: CXX_FEATURE:1cxx_constexpr
    Feature record: CXX_FEATURE:0cxx_contextual_conversions
    Feature record: CXX_FEATURE:1cxx_decltype
    Feature record: CXX_FEATURE:0cxx_decltype_auto
    Feature record: CXX_FEATURE:1cxx_decltype_incomplete_return_types
    Feature record: CXX_FEATURE:1cxx_default_function_template_args
    Feature record: CXX_FEATURE:1cxx_defaulted_functions
    Feature record: CXX_FEATURE:1cxx_defaulted_move_initializers
    Feature record: CXX_FEATURE:1cxx_delegating_constructors
    Feature record: CXX_FEATURE:1cxx_deleted_functions
    Feature record: CXX_FEATURE:0cxx_digit_separators
    Feature record: CXX_FEATURE:1cxx_enum_forward_declarations
    Feature record: CXX_FEATURE:1cxx_explicit_conversions
    Feature record: CXX_FEATURE:1cxx_extended_friend_declarations
    Feature record: CXX_FEATURE:1cxx_extern_templates
    Feature record: CXX_FEATURE:1cxx_final
    Feature record: CXX_FEATURE:1cxx_func_identifier
    Feature record: CXX_FEATURE:1cxx_generalized_initializers
    Feature record: CXX_FEATURE:0cxx_generic_lambdas
    Feature record: CXX_FEATURE:1cxx_inheriting_constructors
    Feature record: CXX_FEATURE:1cxx_inline_namespaces
    Feature record: CXX_FEATURE:1cxx_lambdas
    Feature record: CXX_FEATURE:0cxx_lambda_init_captures
    Feature record: CXX_FEATURE:1cxx_local_type_template_args
    Feature record: CXX_FEATURE:1cxx_long_long_type
    Feature record: CXX_FEATURE:1cxx_noexcept
    Feature record: CXX_FEATURE:1cxx_nonstatic_member_init
    Feature record: CXX_FEATURE:1cxx_nullptr
    Feature record: CXX_FEATURE:1cxx_override
    Feature record: CXX_FEATURE:1cxx_range_for
    Feature record: CXX_FEATURE:1cxx_raw_string_literals
    Feature record: CXX_FEATURE:1cxx_reference_qualified_functions
    Feature record: CXX_FEATURE:0cxx_relaxed_constexpr
    Feature record: CXX_FEATURE:0cxx_return_type_deduction
    Feature record: CXX_FEATURE:1cxx_right_angle_brackets
    Feature record: CXX_FEATURE:1cxx_rvalue_references
    Feature record: CXX_FEATURE:1cxx_sizeof_member
    Feature record: CXX_FEATURE:1cxx_static_assert
    Feature record: CXX_FEATURE:1cxx_strong_enums
    Feature record: CXX_FEATURE:1cxx_template_template_parameters
    Feature record: CXX_FEATURE:1cxx_thread_local
    Feature record: CXX_FEATURE:1cxx_trailing_return_types
    Feature record: CXX_FEATURE:1cxx_unicode_literals
    Feature record: CXX_FEATURE:1cxx_uniform_initialization
    Feature record: CXX_FEATURE:1cxx_unrestricted_unions
    Feature record: CXX_FEATURE:1cxx_user_literals
    Feature record: CXX_FEATURE:0cxx_variable_templates
    Feature record: CXX_FEATURE:1cxx_variadic_macros
    Feature record: CXX_FEATURE:1cxx_variadic_templates


Detecting CXX [-std=c++98] compiler features compiled with the following output:
Change Dir: /home/harper/PIWS/scf_template/CMakeFiles/CMakeTmp

Run Build Command:"/usr/bin/make" "cmTC_f8f28/fast"
/usr/bin/make -f CMakeFiles/cmTC_f8f28.dir/build.make CMakeFiles/cmTC_f8f28.dir/build
make[1]: Entering directory '/home/harper/PIWS/scf_template/CMakeFiles/CMakeTmp'
Building CXX object CMakeFiles/cmTC_f8f28.dir/feature_tests.cxx.o
/home/harper/psi4conda/bin/g++    -march=native -fopenmp    -std=c++98 -o CMakeFiles/cmTC_f8f28.dir/feature_tests.cxx.o -c /home/harper/PIWS/scf_template/CMakeFiles/feature_tests.cxx
Linking CXX executable cmTC_f8f28
/usr/bin/cmake -E cmake_link_script CMakeFiles/cmTC_f8f28.dir/link.txt --verbose=1
/home/harper/psi4conda/bin/g++   -march=native -fopenmp     -rdynamic CMakeFiles/cmTC_f8f28.dir/feature_tests.cxx.o  -o cmTC_f8f28 
make[1]: Leaving directory '/home/harper/PIWS/scf_template/CMakeFiles/CMakeTmp'


    Feature record: CXX_FEATURE:0cxx_aggregate_default_initializers
    Feature record: CXX_FEATURE:0cxx_alias_templates
    Feature record: CXX_FEATURE:0cxx_alignas
    Feature record: CXX_FEATURE:0cxx_alignof
    Feature record: CXX_FEATURE:0cxx_attributes
    Feature record: CXX_FEATURE:0cxx_attribute_deprecated
    Feature record: CXX_FEATURE:0cxx_auto_type
    Feature record: CXX_FEATURE:0cxx_binary_literals
    Feature record: CXX_FEATURE:0cxx_constexpr
    Feature record: CXX_FEATURE:0cxx_contextual_conversions
    Feature record: CXX_FEATURE:0cxx_decltype
    Feature record: CXX_FEATURE:0cxx_decltype_auto
    Feature record: CXX_FEATURE:0cxx_decltype_incomplete_return_types
    Feature record: CXX_FEATURE:0cxx_default_function_template_args
    Feature record: CXX_FEATURE:0cxx_defaulted_functions
    Feature record: CXX_FEATURE:0cxx_defaulted_move_initializers
    Feature record: CXX_FEATURE:0cxx_delegating_constructors
    Feature record: CXX_FEATURE:0cxx_deleted_functions
    Feature record: CXX_FEATURE:0cxx_digit_separators
    Feature record: CXX_FEATURE:0cxx_enum_forward_declarations
    Feature record: CXX_FEATURE:0cxx_explicit_conversions
    Feature record: CXX_FEATURE:0cxx_extended_friend_declarations
    Feature record: CXX_FEATURE:0cxx_extern_templates
    Feature record: CXX_FEATURE:0cxx_final
    Feature record: CXX_FEATURE:0cxx_func_identifier
    Feature record: CXX_FEATURE:0cxx_generalized_initializers
    Feature record: CXX_FEATURE:0cxx_generic_lambdas
    Feature record: CXX_FEATURE:0cxx_inheriting_constructors
    Feature record: CXX_FEATURE:0cxx_inline_namespaces
    Feature record: CXX_FEATURE:0cxx_lambdas
    Feature record: CXX_FEATURE:0cxx_lambda_init_captures
    Feature record: CXX_FEATURE:0cxx_local_type_template_args
    Feature record: CXX_FEATURE:0cxx_long_long_type
    Feature record: CXX_FEATURE:0cxx_noexcept
    Feature record: CXX_FEATURE:0cxx_nonstatic_member_init
    Feature record: CXX_FEATURE:0cxx_nullptr
    Feature record: CXX_FEATURE:0cxx_override
    Feature record: CXX_FEATURE:0cxx_range_for
    Feature record: CXX_FEATURE:0cxx_raw_string_literals
    Feature record: CXX_FEATURE:0cxx_reference_qualified_functions
    Feature record: CXX_FEATURE:0cxx_relaxed_constexpr
    Feature record: CXX_FEATURE:0cxx_return_type_deduction
    Feature record: CXX_FEATURE:0cxx_right_angle_brackets
    Feature record: CXX_FEATURE:0cxx_rvalue_references
    Feature record: CXX_FEATURE:0cxx_sizeof_member
    Feature record: CXX_FEATURE:0cxx_static_assert
    Feature record: CXX_FEATURE:0cxx_strong_enums
    Feature record: CXX_FEATURE:1cxx_template_template_parameters
    Feature record: CXX_FEATURE:0cxx_thread_local
    Feature record: CXX_FEATURE:0cxx_trailing_return_types
    Feature record: CXX_FEATURE:0cxx_unicode_literals
    Feature record: CXX_FEATURE:0cxx_uniform_initialization
    Feature record: CXX_FEATURE:0cxx_unrestricted_unions
    Feature record: CXX_FEATURE:0cxx_user_literals
    Feature record: CXX_FEATURE:0cxx_variable_templates
    Feature record: CXX_FEATURE:0cxx_variadic_macros
    Feature record: CXX_FEATURE:0cxx_variadic_templates
